This file contains any messages produced by compilers while
running configure, to aid debugging if configure makes a mistake.

It was created by configure, which was
generated by GNU Autoconf 2.59.  Invocation command line was

  $ /Users/olahgabor/Documents/git/refactorerl/otp_src_R12B-5/lib/megaco/./configure --prefix=/usr/local --prefix=/usr/local --cache-file=/dev/null --srcdir=/Users/olahgabor/Documents/git/refactorerl/otp_src_R12B-5/lib --cache-file=/dev/null --srcdir=/Users/olahgabor/Documents/git/refactorerl/otp_src_R12B-5/lib/megaco/.

## --------- ##
## Platform. ##
## --------- ##

hostname = Olikass-MacBook-Air.local
uname -m = x86_64
uname -r = 14.0.0
uname -s = Darwin
uname -v = Darwin Kernel Version 14.0.0: Fri Sep 19 00:26:44 PDT 2014; root:xnu-2782.1.97~2/RELEASE_X86_64

/usr/bin/uname -p = i386
/bin/uname -X     = unknown

/bin/arch              = unknown
/usr/bin/arch -k       = unknown
/usr/convex/getsysinfo = unknown
hostinfo               = Mach kernel version:
	 Darwin Kernel Version 14.0.0: Fri Sep 19 00:26:44 PDT 2014; root:xnu-2782.1.97~2/RELEASE_X86_64
Kernel configured for up to 4 processors.
2 processors are physically available.
4 processors are logically available.
Processor type: x86_64h (Intel x86-64h Haswell)
Processors active: 0 1 2 3
Primary memory available: 8.00 gigabytes
Default processor set: 252 tasks, 1179 threads, 4 processors
Load average: 2.07, Mach factor: 1.95
/bin/machine           = unknown
/usr/bin/oslevel       = unknown
/bin/universe          = unknown

PATH: /usr/local/bin
PATH: /usr/bin
PATH: /bin
PATH: /usr/sbin
PATH: /sbin
PATH: /opt/X11/bin
PATH: /usr/texbin


## ----------- ##
## Core tests. ##
## ----------- ##

configure:1301: checking build system type
configure:1319: result: i386-apple-darwin14.0.0
configure:1327: checking host system type
configure:1341: result: i386-apple-darwin14.0.0
configure:1403: checking for gcc
configure:1419: found /usr/bin/gcc
configure:1429: result: gcc
configure:1673: checking for C compiler version
configure:1676: gcc --version </dev/null >&5
Configured with: --prefix=/Applications/Xcode.app/Contents/Developer/usr --with-gxx-include-dir=/usr/include/c++/4.2.1
Apple LLVM version 6.0 (clang-600.0.56) (based on LLVM 3.5svn)
Target: x86_64-apple-darwin14.0.0
Thread model: posix
configure:1679: $? = 0
configure:1681: gcc -v </dev/null >&5
Configured with: --prefix=/Applications/Xcode.app/Contents/Developer/usr --with-gxx-include-dir=/usr/include/c++/4.2.1
Apple LLVM version 6.0 (clang-600.0.56) (based on LLVM 3.5svn)
Target: x86_64-apple-darwin14.0.0
Thread model: posix
configure:1684: $? = 0
configure:1686: gcc -V </dev/null >&5
clang: error: argument to '-V' is missing (expected 1 value)
clang: error: no input files
configure:1689: $? = 1
configure:1712: checking for C compiler default output file name
configure:1715: gcc    conftest.c  >&5
configure:1718: $? = 0
configure:1764: result: a.out
configure:1769: checking whether the C compiler works
configure:1775: ./a.out
configure:1778: $? = 0
configure:1795: result: yes
configure:1802: checking whether we are cross compiling
configure:1804: result: no
configure:1807: checking for suffix of executables
configure:1809: gcc -o conftest    conftest.c  >&5
configure:1812: $? = 0
configure:1837: result: 
configure:1843: checking for suffix of object files
configure:1864: gcc -c   conftest.c >&5
configure:1867: $? = 0
configure:1889: result: o
configure:1893: checking whether we are using the GNU C compiler
configure:1917: gcc -c   conftest.c >&5
configure:1923: $? = 0
configure:1927: test -z 
			 || test ! -s conftest.err
configure:1930: $? = 0
configure:1933: test -s conftest.o
configure:1936: $? = 0
configure:1949: result: yes
configure:1955: checking whether gcc accepts -g
configure:1976: gcc -c -g  conftest.c >&5
configure:1982: $? = 0
configure:1986: test -z 
			 || test ! -s conftest.err
configure:1989: $? = 0
configure:1992: test -s conftest.o
configure:1995: $? = 0
configure:2006: result: yes
configure:2023: checking for gcc option to accept ANSI C
configure:2093: gcc  -c -g -O2  conftest.c >&5
configure:2099: $? = 0
configure:2103: test -z 
			 || test ! -s conftest.err
configure:2106: $? = 0
configure:2109: test -s conftest.o
configure:2112: $? = 0
configure:2130: result: none needed
configure:2148: gcc -c -g -O2  conftest.c >&5
conftest.c:2:3: error: unknown type name 'choke'
  choke me
  ^
conftest.c:2:11: error: expected ';' after top level declarator
  choke me
          ^
          ;
2 errors generated.
configure:2154: $? = 1
configure: failed program was:
| #ifndef __cplusplus
|   choke me
| #endif
configure:2292: checking for flex
configure:2308: found /usr/bin/flex
configure:2318: result: flex
configure:2331: checking for yywrap in -lfl
configure:2361: gcc -o conftest -g -O2   conftest.c -lfl   >&5
ld: library not found for -lfl
clang: error: linker command failed with exit code 1 (use -v to see invocation)
configure:2367: $? = 1
configure: failed program was:
| /* confdefs.h.  */
| 
| #define PACKAGE_NAME ""
| #define PACKAGE_TARNAME ""
| #define PACKAGE_VERSION ""
| #define PACKAGE_STRING ""
| #define PACKAGE_BUGREPORT ""
| /* end confdefs.h.  */
| 
| /* Override any gcc2 internal prototype to avoid an error.  */
| #ifdef __cplusplus
| extern "C"
| #endif
| /* We use char because int might match the return type of a gcc2
|    builtin and then its argument prototype would still apply.  */
| char yywrap ();
| int
| main ()
| {
| yywrap ();
|   ;
|   return 0;
| }
configure:2393: result: no
configure:2398: checking for yywrap in -ll
configure:2428: gcc -o conftest -g -O2   conftest.c -ll   >&5
configure:2434: $? = 0
configure:2438: test -z 
			 || test ! -s conftest.err
configure:2441: $? = 0
configure:2444: test -s conftest
configure:2447: $? = 0
configure:2460: result: yes
configure:2471: checking lex output file root
configure:2482: flex conftest.l
configure:2485: $? = 0
configure:2497: result: lex.yy
configure:2502: checking whether yytext is a pointer
configure:2518: gcc -o conftest -g -O2   conftest.c  -ll >&5
configure:2524: $? = 0
configure:2528: test -z 
			 || test ! -s conftest.err
configure:2531: $? = 0
configure:2534: test -s conftest
configure:2537: $? = 0
configure:2551: result: yes
configure:2632: checking for gcc
configure:2658: result: gcc
configure:2902: checking for C compiler version
configure:2905: gcc --version </dev/null >&5
Configured with: --prefix=/Applications/Xcode.app/Contents/Developer/usr --with-gxx-include-dir=/usr/include/c++/4.2.1
Apple LLVM version 6.0 (clang-600.0.56) (based on LLVM 3.5svn)
Target: x86_64-apple-darwin14.0.0
Thread model: posix
configure:2908: $? = 0
configure:2910: gcc -v </dev/null >&5
Configured with: --prefix=/Applications/Xcode.app/Contents/Developer/usr --with-gxx-include-dir=/usr/include/c++/4.2.1
Apple LLVM version 6.0 (clang-600.0.56) (based on LLVM 3.5svn)
Target: x86_64-apple-darwin14.0.0
Thread model: posix
configure:2913: $? = 0
configure:2915: gcc -V </dev/null >&5
clang: error: argument to '-V' is missing (expected 1 value)
clang: error: no input files
configure:2918: $? = 1
configure:2921: checking whether we are using the GNU C compiler
configure:2977: result: yes
configure:2983: checking whether gcc accepts -g
configure:3034: result: yes
configure:3051: checking for gcc option to accept ANSI C
configure:3158: result: none needed
configure:3176: gcc -c -g -O2  conftest.c >&5
conftest.c:2:3: error: unknown type name 'choke'
  choke me
  ^
conftest.c:2:11: error: expected ';' after top level declarator
  choke me
          ^
          ;
2 errors generated.
configure:3182: $? = 1
configure: failed program was:
| #ifndef __cplusplus
|   choke me
| #endif
configure:3348: checking for ld.sh
configure:3377: result: no
configure:3348: checking for ld
configure:3364: found /usr/bin/ld
configure:3374: result: ld
configure:3392: checking for linker flags for loadable drivers
configure:3419: result: -bundle -flat_namespace -undefined suppress
configure:3426: checking for perl
configure:3442: found /usr/bin/perl
configure:3453: result: perl
configure:3550: creating ./config.status

## ---------------------- ##
## Running config.status. ##
## ---------------------- ##

This file was extended by config.status, which was
generated by GNU Autoconf 2.59.  Invocation command line was

  CONFIG_FILES    = 
  CONFIG_HEADERS  = 
  CONFIG_LINKS    = 
  CONFIG_COMMANDS = 
  $ ./config.status 

on Olikass-MacBook-Air.local

config.status:649: creating src/flex/i386-apple-darwin14.0.0/Makefile

## ---------------- ##
## Cache variables. ##
## ---------------- ##

ac_cv_build=i386-apple-darwin14.0.0
ac_cv_build_alias=i386-apple-darwin14.0.0
ac_cv_c_compiler_gnu=yes
ac_cv_env_CC_set=
ac_cv_env_CC_value=
ac_cv_env_CFLAGS_set=
ac_cv_env_CFLAGS_value=
ac_cv_env_CPPFLAGS_set=
ac_cv_env_CPPFLAGS_value=
ac_cv_env_LDFLAGS_set=
ac_cv_env_LDFLAGS_value=
ac_cv_env_build_alias_set=
ac_cv_env_build_alias_value=
ac_cv_env_host_alias_set=
ac_cv_env_host_alias_value=
ac_cv_env_target_alias_set=
ac_cv_env_target_alias_value=
ac_cv_exeext=
ac_cv_host=i386-apple-darwin14.0.0
ac_cv_host_alias=i386-apple-darwin14.0.0
ac_cv_lib_fl_yywrap=no
ac_cv_lib_l_yywrap=yes
ac_cv_objext=o
ac_cv_prog_DED_LD=ld
ac_cv_prog_LEX=flex
ac_cv_prog_PERL=perl
ac_cv_prog_ac_ct_CC=gcc
ac_cv_prog_cc_g=yes
ac_cv_prog_cc_stdc=
ac_cv_prog_lex_root=lex.yy
ac_cv_prog_lex_yytext_pointer=yes

## ----------------- ##
## Output variables. ##
## ----------------- ##

CC='gcc'
CFLAGS='-g -O2 -I/Users/olahgabor/Documents/git/refactorerl/otp_src_R12B-5/erts/i386-apple-darwin14.0.0  -no-cpp-precomp'
CPPFLAGS=''
DED_CFLAGS='-g -O2 -I/Users/olahgabor/Documents/git/refactorerl/otp_src_R12B-5/erts/i386-apple-darwin14.0.0  -no-cpp-precomp -fPIC  -fno-common'
DED_LD='ld'
DED_LDFLAGS='-bundle -flat_namespace -undefined suppress'
DEFS='-DPACKAGE_NAME=\"\" -DPACKAGE_TARNAME=\"\" -DPACKAGE_VERSION=\"\" -DPACKAGE_STRING=\"\" -DPACKAGE_BUGREPORT=\"\" -DYYTEXT_POINTER=1 '
ECHO_C='ECHO_N=''
ECHO_T=''
ENABLE_MEGACO_FLEX_SCANNER='true'
ENABLE_MEGACO_FLEX_SCANNER_LINENO='true'
ERLANG_OSTYPE='unix'
EXEEXT=''
LDFLAGS=''
LEX='flex'
LEXLIB='-ll'
LEX_OUTPUT_ROOT='lex.yy'
LIBOBJS=''
LIBS=''
LTLIBOBJS=''
OBJEXT='o'
PACKAGE_BUGREPORT=''
PACKAGE_NAME=''
PACKAGE_STRING=''
PACKAGE_TARNAME=''
PACKAGE_VERSION=''
PATH_SEPARATOR=':'
PERL='perl'
SHELL='/bin/sh'
ac_ct_CC='gcc'
bindir='${exec_prefix}/bin'
build='i386-apple-darwin14.0.0'
build_alias=''
build_cpu='i386'
build_os='darwin14.0.0'
build_vendor='apple'
datadir='${prefix}/share'
exec_prefix='${prefix}'
host='i386-apple-darwin14.0.0'
host_alias=''
host_cpu='i386'
host_os='darwin14.0.0'
host_vendor='apple'
includedir='${prefix}/include'
infodir='${prefix}/info'
libdir='${exec_prefix}/lib'
libexecdir='${exec_prefix}/libexec'
localstatedir='${prefix}/var'
mandir='${prefix}/man'
oldincludedir='/usr/include'
prefix='/usr/local'
program_transform_name='s,x,x,'
sbindir='${exec_prefix}/sbin'
sharedstatedir='${prefix}/com'
sysconfdir='${prefix}/etc'
target_alias=''

## ----------- ##
## confdefs.h. ##
## ----------- ##

#define PACKAGE_BUGREPORT ""
#define PACKAGE_NAME ""
#define PACKAGE_STRING ""
#define PACKAGE_TARNAME ""
#define PACKAGE_VERSION ""
#define YYTEXT_POINTER 1

configure: exit 0
