This file contains any messages produced by compilers while
running configure, to aid debugging if configure makes a mistake.

It was created by configure, which was
generated by GNU Autoconf 2.59.  Invocation command line was

  $ /Users/olahgabor/Documents/git/refactorerl/otp_src_R12B-5/lib/common_test/./configure --prefix=/usr/local --prefix=/usr/local --cache-file=/dev/null --srcdir=/Users/olahgabor/Documents/git/refactorerl/otp_src_R12B-5/lib --cache-file=/dev/null --srcdir=/Users/olahgabor/Documents/git/refactorerl/otp_src_R12B-5/lib/common_test/.

## --------- ##
## Platform. ##
## --------- ##

hostname = Olikass-MacBook-Air.local
uname -m = x86_64
uname -r = 14.0.0
uname -s = Darwin
uname -v = Darwin Kernel Version 14.0.0: Fri Sep 19 00:26:44 PDT 2014; root:xnu-2782.1.97~2/RELEASE_X86_64

/usr/bin/uname -p = i386
/bin/uname -X     = unknown

/bin/arch              = unknown
/usr/bin/arch -k       = unknown
/usr/convex/getsysinfo = unknown
hostinfo               = Mach kernel version:
	 Darwin Kernel Version 14.0.0: Fri Sep 19 00:26:44 PDT 2014; root:xnu-2782.1.97~2/RELEASE_X86_64
Kernel configured for up to 4 processors.
2 processors are physically available.
4 processors are logically available.
Processor type: x86_64h (Intel x86-64h Haswell)
Processors active: 0 1 2 3
Primary memory available: 8.00 gigabytes
Default processor set: 250 tasks, 1216 threads, 4 processors
Load average: 6.12, Mach factor: 0.28
/bin/machine           = unknown
/usr/bin/oslevel       = unknown
/bin/universe          = unknown

PATH: /usr/local/bin
PATH: /usr/bin
PATH: /bin
PATH: /usr/sbin
PATH: /sbin
PATH: /opt/X11/bin
PATH: /usr/texbin


## ----------- ##
## Core tests. ##
## ----------- ##

configure:1293: checking build system type
configure:1311: result: i386-apple-darwin14.0.0
configure:1319: checking host system type
configure:1333: result: i386-apple-darwin14.0.0
configure:1394: checking for gcc
configure:1410: found /usr/bin/gcc
configure:1420: result: gcc
configure:1664: checking for C compiler version
configure:1667: gcc --version </dev/null >&5
Configured with: --prefix=/Applications/Xcode.app/Contents/Developer/usr --with-gxx-include-dir=/usr/include/c++/4.2.1
Apple LLVM version 6.0 (clang-600.0.56) (based on LLVM 3.5svn)
Target: x86_64-apple-darwin14.0.0
Thread model: posix
configure:1670: $? = 0
configure:1672: gcc -v </dev/null >&5
Configured with: --prefix=/Applications/Xcode.app/Contents/Developer/usr --with-gxx-include-dir=/usr/include/c++/4.2.1
Apple LLVM version 6.0 (clang-600.0.56) (based on LLVM 3.5svn)
Target: x86_64-apple-darwin14.0.0
Thread model: posix
configure:1675: $? = 0
configure:1677: gcc -V </dev/null >&5
clang: error: argument to '-V' is missing (expected 1 value)
clang: error: no input files
configure:1680: $? = 1
configure:1703: checking for C compiler default output file name
configure:1706: gcc    conftest.c  >&5
configure:1709: $? = 0
configure:1755: result: a.out
configure:1760: checking whether the C compiler works
configure:1766: ./a.out
configure:1769: $? = 0
configure:1786: result: yes
configure:1793: checking whether we are cross compiling
configure:1795: result: no
configure:1798: checking for suffix of executables
configure:1800: gcc -o conftest    conftest.c  >&5
configure:1803: $? = 0
configure:1828: result: 
configure:1834: checking for suffix of object files
configure:1855: gcc -c   conftest.c >&5
configure:1858: $? = 0
configure:1880: result: o
configure:1884: checking whether we are using the GNU C compiler
configure:1908: gcc -c   conftest.c >&5
configure:1914: $? = 0
configure:1918: test -z 
			 || test ! -s conftest.err
configure:1921: $? = 0
configure:1924: test -s conftest.o
configure:1927: $? = 0
configure:1940: result: yes
configure:1946: checking whether gcc accepts -g
configure:1967: gcc -c -g  conftest.c >&5
configure:1973: $? = 0
configure:1977: test -z 
			 || test ! -s conftest.err
configure:1980: $? = 0
configure:1983: test -s conftest.o
configure:1986: $? = 0
configure:1997: result: yes
configure:2014: checking for gcc option to accept ANSI C
configure:2084: gcc  -c -g -O2  conftest.c >&5
configure:2090: $? = 0
configure:2094: test -z 
			 || test ! -s conftest.err
configure:2097: $? = 0
configure:2100: test -s conftest.o
configure:2103: $? = 0
configure:2121: result: none needed
configure:2139: gcc -c -g -O2  conftest.c >&5
conftest.c:2:3: error: unknown type name 'choke'
  choke me
  ^
conftest.c:2:11: error: expected ';' after top level declarator
  choke me
          ^
          ;
2 errors generated.
configure:2145: $? = 1
configure: failed program was:
| #ifndef __cplusplus
|   choke me
| #endif
configure:2283: checking how to run the C preprocessor
configure:2318: gcc -E  conftest.c
configure:2324: $? = 0
configure:2356: gcc -E  conftest.c
conftest.c:9:10: fatal error: 'ac_nonexistent.h' file not found
#include <ac_nonexistent.h>
         ^
1 error generated.
configure:2362: $? = 1
configure: failed program was:
| /* confdefs.h.  */
| 
| #define PACKAGE_NAME ""
| #define PACKAGE_TARNAME ""
| #define PACKAGE_VERSION ""
| #define PACKAGE_STRING ""
| #define PACKAGE_BUGREPORT ""
| /* end confdefs.h.  */
| #include <ac_nonexistent.h>
configure:2401: result: gcc -E
configure:2425: gcc -E  conftest.c
configure:2431: $? = 0
configure:2463: gcc -E  conftest.c
conftest.c:9:10: fatal error: 'ac_nonexistent.h' file not found
#include <ac_nonexistent.h>
         ^
1 error generated.
configure:2469: $? = 1
configure: failed program was:
| /* confdefs.h.  */
| 
| #define PACKAGE_NAME ""
| #define PACKAGE_TARNAME ""
| #define PACKAGE_VERSION ""
| #define PACKAGE_STRING ""
| #define PACKAGE_BUGREPORT ""
| /* end confdefs.h.  */
| #include <ac_nonexistent.h>
configure:2553: checking for ranlib
configure:2569: found /usr/bin/ranlib
configure:2580: result: ranlib
configure:2605: checking for a BSD-compatible install
configure:2660: result: /usr/bin/install -c
configure:2672: checking for an ANSI C-conforming const
configure:2739: gcc -c -g -O2  conftest.c >&5
configure:2745: $? = 0
configure:2749: test -z 
			 || test ! -s conftest.err
configure:2752: $? = 0
configure:2755: test -s conftest.o
configure:2758: $? = 0
configure:2769: result: yes
configure:2781: checking for egrep
configure:2791: result: grep -E
configure:2796: checking for ANSI C header files
configure:2821: gcc -c -g -O2  conftest.c >&5
configure:2827: $? = 0
configure:2831: test -z 
			 || test ! -s conftest.err
configure:2834: $? = 0
configure:2837: test -s conftest.o
configure:2840: $? = 0
configure:2929: gcc -o conftest -g -O2   conftest.c  >&5
conftest.c:26:7: warning: implicitly declaring library function 'exit' with type 'void (int) __attribute__((noreturn))'
      exit(2);
      ^
conftest.c:26:7: note: please include the header <stdlib.h> or explicitly provide a declaration for 'exit'
1 warning generated.
configure:2932: $? = 0
configure:2934: ./conftest
configure:2937: $? = 0
configure:2952: result: yes
configure:2965: checking for appropriate compile flags
configure:2985: result: -g -O2  -no-cpp-precomp -fPIC 
configure:2993: checking for ld.sh
configure:3022: result: no
configure:2993: checking for ld
configure:3009: found /usr/bin/ld
configure:3019: result: ld
configure:3036: checking for linker flags for loadable drivers
configure:3046: result: -G
configure:3178: creating ./config.status

## ---------------------- ##
## Running config.status. ##
## ---------------------- ##

This file was extended by config.status, which was
generated by GNU Autoconf 2.59.  Invocation command line was

  CONFIG_FILES    = 
  CONFIG_HEADERS  = 
  CONFIG_LINKS    = 
  CONFIG_COMMANDS = 
  $ ./config.status 

on Olikass-MacBook-Air.local

config.status:658: creating priv/rx-1.5/rx/Makefile
config.status:658: creating priv/i386-apple-darwin14.0.0/Makefile
config.status:658: creating c_src/i386-apple-darwin14.0.0/Makefile

## ---------------- ##
## Cache variables. ##
## ---------------- ##

ac_cv_build=i386-apple-darwin14.0.0
ac_cv_build_alias=i386-apple-darwin14.0.0
ac_cv_c_compiler_gnu=yes
ac_cv_c_const=yes
ac_cv_env_CC_set=
ac_cv_env_CC_value=
ac_cv_env_CFLAGS_set=
ac_cv_env_CFLAGS_value=
ac_cv_env_CPPFLAGS_set=
ac_cv_env_CPPFLAGS_value=
ac_cv_env_CPP_set=
ac_cv_env_CPP_value=
ac_cv_env_LDFLAGS_set=
ac_cv_env_LDFLAGS_value=
ac_cv_env_build_alias_set=
ac_cv_env_build_alias_value=
ac_cv_env_host_alias_set=
ac_cv_env_host_alias_value=
ac_cv_env_target_alias_set=
ac_cv_env_target_alias_value=
ac_cv_exeext=
ac_cv_header_stdc=yes
ac_cv_host=i386-apple-darwin14.0.0
ac_cv_host_alias=i386-apple-darwin14.0.0
ac_cv_objext=o
ac_cv_path_install='/usr/bin/install -c'
ac_cv_prog_CPP='gcc -E'
ac_cv_prog_RX_LD=ld
ac_cv_prog_ac_ct_CC=gcc
ac_cv_prog_ac_ct_RANLIB=ranlib
ac_cv_prog_cc_g=yes
ac_cv_prog_cc_stdc=
ac_cv_prog_egrep='grep -E'

## ----------------- ##
## Output variables. ##
## ----------------- ##

CC='gcc'
CFLAGS='-g -O2  -no-cpp-precomp'
CPP='gcc -E'
CPPFLAGS=''
DEFS='-DPACKAGE_NAME=\"\" -DPACKAGE_TARNAME=\"\" -DPACKAGE_VERSION=\"\" -DPACKAGE_STRING=\"\" -DPACKAGE_BUGREPORT=\"\" -DSTDC_HEADERS=1 '
ECHO_C='ECHO_N=''
ECHO_T=''
EGREP='grep -E'
EXEEXT=''
INSTALL_DATA='${INSTALL} -m 644'
INSTALL_PROGRAM='${INSTALL}'
INSTALL_SCRIPT='${INSTALL}'
LDFLAGS=''
LIBOBJS=''
LIBS=''
LTLIBOBJS=''
OBJEXT='o'
PACKAGE_BUGREPORT=''
PACKAGE_NAME=''
PACKAGE_STRING=''
PACKAGE_TARNAME=''
PACKAGE_VERSION=''
PATH_SEPARATOR=':'
RANLIB='ranlib'
RX_CFLAGS='-g -O2  -no-cpp-precomp -fPIC '
RX_LD='ld'
RX_LDFLAGS='-G'
SHELL='/bin/sh'
TARGET='i386-apple-darwin14.0.0'
ac_ct_CC='gcc'
ac_ct_RANLIB='ranlib'
bindir='${exec_prefix}/bin'
build='i386-apple-darwin14.0.0'
build_alias=''
build_cpu='i386'
build_os='darwin14.0.0'
build_vendor='apple'
datadir='${prefix}/share'
exec_prefix='${prefix}'
host='i386-apple-darwin14.0.0'
host_alias=''
host_cpu='i386'
host_os='darwin14.0.0'
host_vendor='apple'
includedir='${prefix}/include'
infodir='${prefix}/info'
libdir='${exec_prefix}/lib'
libexecdir='${exec_prefix}/libexec'
localstatedir='${prefix}/var'
mandir='${prefix}/man'
oldincludedir='/usr/include'
opt_objs=''
prefix='/usr/local'
program_transform_name='s,x,x,'
sbindir='${exec_prefix}/sbin'
sharedstatedir='${prefix}/com'
sysconfdir='${prefix}/etc'
target_alias=''

## ----------- ##
## confdefs.h. ##
## ----------- ##

#define PACKAGE_BUGREPORT ""
#define PACKAGE_NAME ""
#define PACKAGE_STRING ""
#define PACKAGE_TARNAME ""
#define PACKAGE_VERSION ""
#define STDC_HEADERS 1

configure: exit 0
