This file contains any messages produced by compilers while
running configure, to aid debugging if configure makes a mistake.

It was created by configure, which was
generated by GNU Autoconf 2.59.  Invocation command line was

  $ ./configure 

## --------- ##
## Platform. ##
## --------- ##

hostname = Olikass-MacBook-Air.local
uname -m = x86_64
uname -r = 14.0.0
uname -s = Darwin
uname -v = Darwin Kernel Version 14.0.0: Fri Sep 19 00:26:44 PDT 2014; root:xnu-2782.1.97~2/RELEASE_X86_64

/usr/bin/uname -p = i386
/bin/uname -X     = unknown

/bin/arch              = unknown
/usr/bin/arch -k       = unknown
/usr/convex/getsysinfo = unknown
hostinfo               = Mach kernel version:
	 Darwin Kernel Version 14.0.0: Fri Sep 19 00:26:44 PDT 2014; root:xnu-2782.1.97~2/RELEASE_X86_64
Kernel configured for up to 4 processors.
2 processors are physically available.
4 processors are logically available.
Processor type: x86_64h (Intel x86-64h Haswell)
Processors active: 0 1 2 3
Primary memory available: 8.00 gigabytes
Default processor set: 249 tasks, 1194 threads, 4 processors
Load average: 6.61, Mach factor: 0.51
/bin/machine           = unknown
/usr/bin/oslevel       = unknown
/bin/universe          = unknown

PATH: /usr/local/bin
PATH: /usr/bin
PATH: /bin
PATH: /usr/sbin
PATH: /sbin
PATH: /opt/X11/bin
PATH: /usr/texbin


## ----------- ##
## Core tests. ##
## ----------- ##

configure:1351: checking build system type
configure:1369: result: i386-apple-darwin14.0.0
configure:1377: checking host system type
configure:1391: result: i386-apple-darwin14.0.0
configure:1452: checking for gcc
configure:1468: found /usr/bin/gcc
configure:1478: result: gcc
configure:1722: checking for C compiler version
configure:1725: gcc --version </dev/null >&5
Configured with: --prefix=/Applications/Xcode.app/Contents/Developer/usr --with-gxx-include-dir=/usr/include/c++/4.2.1
Apple LLVM version 6.0 (clang-600.0.56) (based on LLVM 3.5svn)
Target: x86_64-apple-darwin14.0.0
Thread model: posix
configure:1728: $? = 0
configure:1730: gcc -v </dev/null >&5
Configured with: --prefix=/Applications/Xcode.app/Contents/Developer/usr --with-gxx-include-dir=/usr/include/c++/4.2.1
Apple LLVM version 6.0 (clang-600.0.56) (based on LLVM 3.5svn)
Target: x86_64-apple-darwin14.0.0
Thread model: posix
configure:1733: $? = 0
configure:1735: gcc -V </dev/null >&5
clang: error: argument to '-V' is missing (expected 1 value)
clang: error: no input files
configure:1738: $? = 1
configure:1761: checking for C compiler default output file name
configure:1764: gcc    conftest.c  >&5
configure:1767: $? = 0
configure:1813: result: a.out
configure:1818: checking whether the C compiler works
configure:1824: ./a.out
configure:1827: $? = 0
configure:1844: result: yes
configure:1851: checking whether we are cross compiling
configure:1853: result: no
configure:1856: checking for suffix of executables
configure:1858: gcc -o conftest    conftest.c  >&5
configure:1861: $? = 0
configure:1886: result: 
configure:1892: checking for suffix of object files
configure:1913: gcc -c   conftest.c >&5
configure:1916: $? = 0
configure:1938: result: o
configure:1942: checking whether we are using the GNU C compiler
configure:1966: gcc -c   conftest.c >&5
configure:1972: $? = 0
configure:1976: test -z 
			 || test ! -s conftest.err
configure:1979: $? = 0
configure:1982: test -s conftest.o
configure:1985: $? = 0
configure:1998: result: yes
configure:2004: checking whether gcc accepts -g
configure:2025: gcc -c -g  conftest.c >&5
configure:2031: $? = 0
configure:2035: test -z 
			 || test ! -s conftest.err
configure:2038: $? = 0
configure:2041: test -s conftest.o
configure:2044: $? = 0
configure:2055: result: yes
configure:2072: checking for gcc option to accept ANSI C
configure:2142: gcc  -c -g -O2  conftest.c >&5
configure:2148: $? = 0
configure:2152: test -z 
			 || test ! -s conftest.err
configure:2155: $? = 0
configure:2158: test -s conftest.o
configure:2161: $? = 0
configure:2179: result: none needed
configure:2197: gcc -c -g -O2  conftest.c >&5
conftest.c:2:3: error: unknown type name 'choke'
  choke me
  ^
conftest.c:2:11: error: expected ';' after top level declarator
  choke me
          ^
          ;
2 errors generated.
configure:2203: $? = 1
configure: failed program was:
| #ifndef __cplusplus
|   choke me
| #endif
configure:2341: checking for GNU make
configure:2379: result: yes (make)
configure:2398: checking for a BSD-compatible install
configure:2453: result: /usr/bin/install -c
configure:2471: checking whether ln -s works
configure:2475: result: yes
configure:2523: checking for ranlib
configure:2539: found /usr/bin/ranlib
configure:2550: result: ranlib
configure:2819: creating ./config.status

## ---------------------- ##
## Running config.status. ##
## ---------------------- ##

This file was extended by config.status, which was
generated by GNU Autoconf 2.59.  Invocation command line was

  CONFIG_FILES    = 
  CONFIG_HEADERS  = 
  CONFIG_LINKS    = 
  CONFIG_COMMANDS = 
  $ ./config.status 

on Olikass-MacBook-Air.local

config.status:656: creating Makefile
configure:3671: configuring in lib
configure:3788: running /bin/sh '/Users/olahgabor/Documents/git/refactorerl/otp_src_R12B-5/lib/configure' --prefix=/usr/local  --cache-file=/dev/null --srcdir=/Users/olahgabor/Documents/git/refactorerl/otp_src_R12B-5/lib
configure:3671: configuring in erts
configure:3788: running /bin/sh '/Users/olahgabor/Documents/git/refactorerl/otp_src_R12B-5/erts/configure' --prefix=/usr/local  --cache-file=/dev/null --srcdir=/Users/olahgabor/Documents/git/refactorerl/otp_src_R12B-5/erts

## ---------------- ##
## Cache variables. ##
## ---------------- ##

ac_cv_build=i386-apple-darwin14.0.0
ac_cv_build_alias=i386-apple-darwin14.0.0
ac_cv_c_compiler_gnu=yes
ac_cv_env_CC_set=
ac_cv_env_CC_value=
ac_cv_env_CFLAGS_set=
ac_cv_env_CFLAGS_value=
ac_cv_env_CPPFLAGS_set=
ac_cv_env_CPPFLAGS_value=
ac_cv_env_LDFLAGS_set=
ac_cv_env_LDFLAGS_value=
ac_cv_env_build_alias_set=
ac_cv_env_build_alias_value=
ac_cv_env_host_alias_set=
ac_cv_env_host_alias_value=
ac_cv_env_target_alias_set=
ac_cv_env_target_alias_value=
ac_cv_exeext=
ac_cv_host=i386-apple-darwin14.0.0
ac_cv_host_alias=i386-apple-darwin14.0.0
ac_cv_objext=o
ac_cv_path_install='/usr/bin/install -c'
ac_cv_prog_ac_ct_CC=gcc
ac_cv_prog_ac_ct_RANLIB=ranlib
ac_cv_prog_cc_g=yes
ac_cv_prog_cc_stdc=

## ----------------- ##
## Output variables. ##
## ----------------- ##

CC='gcc'
CFLAGS='-g -O2'
CPPFLAGS=''
DEFS='-DPACKAGE_NAME=\"\" -DPACKAGE_TARNAME=\"\" -DPACKAGE_VERSION=\"\" -DPACKAGE_STRING=\"\" -DPACKAGE_BUGREPORT=\"\" '
ECHO_C='ECHO_N=''
ECHO_T=''
ERL_TOP='/Users/olahgabor/Documents/git/refactorerl/otp_src_R12B-5'
ERTS='erts-5.6.5'
EXEEXT=''
INSTALL_DATA='${INSTALL} -m 644'
INSTALL_PROGRAM='${INSTALL}'
INSTALL_SCRIPT='${INSTALL}'
LDFLAGS=''
LIBOBJS=''
LIBS=''
LN_S='ln -s'
LTLIBOBJS=''
MAKE_PROG='make'
OBJEXT='o'
PACKAGE_BUGREPORT=''
PACKAGE_NAME=''
PACKAGE_STRING=''
PACKAGE_TARNAME=''
PACKAGE_VERSION=''
PATH_SEPARATOR=':'
RANLIB='ranlib'
SHELL='/bin/sh'
TARGET='i386-apple-darwin14.0.0'
ac_ct_CC='gcc'
ac_ct_RANLIB='ranlib'
bindir='${exec_prefix}/bin'
build='i386-apple-darwin14.0.0'
build_alias=''
build_cpu='i386'
build_os='darwin14.0.0'
build_vendor='apple'
datadir='${prefix}/share'
erl_mandir='$(ERLANG_ILIBDIR)/man'
exec_prefix='${prefix}'
host='i386-apple-darwin14.0.0'
host_alias=''
host_cpu='i386'
host_os='darwin14.0.0'
host_vendor='apple'
includedir='${prefix}/include'
infodir='${prefix}/info'
libdir='${exec_prefix}/lib'
libexecdir='${exec_prefix}/libexec'
localstatedir='${prefix}/var'
mandir='${prefix}/man'
oldincludedir='/usr/include'
prefix='/usr/local'
program_transform_name='s,x,x,'
sbindir='${exec_prefix}/sbin'
sharedstatedir='${prefix}/com'
subdirs=' lib erts'
sysconfdir='${prefix}/etc'
target_alias=''

## ----------- ##
## confdefs.h. ##
## ----------- ##

#define PACKAGE_BUGREPORT ""
#define PACKAGE_NAME ""
#define PACKAGE_STRING ""
#define PACKAGE_TARNAME ""
#define PACKAGE_VERSION ""

configure: exit 0
